<?xml version="1.0" encoding="UTF-8"?>
<beans xmlns="http://www.springframework.org/schema/beans"
       xmlns:xsi="http://www.w3.org/2001/XMLSchema-instance"
       xsi:schemaLocation="http://www.springframework.org/schema/beans
       http://www.springframework.org/schema/beans/spring-beans.xsd
       http://www.springframework.org/schema/jdbc
       http://www.springframework.org/schema/jdbc/spring-jdbc.xsd"
       xmlns:jdbc="http://www.springframework.org/schema/jdbc">

    <!-- This is an embedded database, this is used only for testing-->
    <jdbc:embedded-database id="dataSource" type="H2">
        <jdbc:script location="classpath:datasource/db-schema.sql"/>
        <jdbc:script location="classpath:datasource/db-test-data.sql"/>
    </jdbc:embedded-database>

</beans>
