<beans xmlns="http://www.springframework.org/schema/beans"
       xmlns:xsi="http://www.w3.org/2001/XMLSchema-instance"
       xmlns:context="http://www.springframework.org/schema/context"
       xsi:schemaLocation="
       http://www.springframework.org/schema/beans
       http://www.springframework.org/schema/beans/spring-beans-4.0.xsd
       http://www.springframework.org/schema/context
       http://www.springframework.org/schema/context/spring-context-4.0.xsd">

       <!-- Enables bean Autowiring and Autodiscovery-->
       <context:component-scan base-package="com.book.beans"/>

       <bean id="livingBean" class="com.book.beans.CompleteLivingBean"
               init-method="initMethod" destroy-method="destroyMethod">
              <property name="internal" value="testValue"/>
       </bean>
</beans>